[0m15:17:37.126946 [debug] [MainThread]: Sending event: {'category': 'dbt', 'action': 'invocation', 'label': 'start', 'context': [<snowplow_tracker.self_describing_json.SelfDescribingJson object at 0x7597023558d0>, <snowplow_tracker.self_describing_json.SelfDescribingJson object at 0x759700f4c100>, <snowplow_tracker.self_describing_json.SelfDescribingJson object at 0x759700836320>]}


============================== 15:17:37.151648 | 2daacacc-2722-4c67-b495-3b4d6e2b50fc ==============================
[0m15:17:37.151648 [info ] [MainThread]: Running with dbt=1.7.14
[0m15:17:37.152711 [debug] [MainThread]: running dbt with arguments {'printer_width': '80', 'indirect_selection': 'eager', 'write_json': 'True', 'log_cache_events': 'False', 'partial_parse': 'True', 'cache_selected_only': 'False', 'profiles_dir': '/home/daisy/.dbt', 'fail_fast': 'False', 'warn_error': 'None', 'log_path': 'logs', 'version_check': 'True', 'debug': 'False', 'use_colors': 'True', 'use_experimental_parser': 'False', 'no_print': 'None', 'quiet': 'False', 'log_format': 'default', 'introspect': 'True', 'warn_error_options': 'WarnErrorOptions(include=[], exclude=[])', 'invocation_command': 'dbt init dbt', 'target_path': 'None', 'static_parser': 'True', 'send_anonymous_usage_stats': 'True'}
[0m15:17:37.153549 [warn ] [MainThread]: [ConfigFolderDirectory]: Unable to parse dict {'dir': PosixPath('/home/daisy/.dbt')}
[0m15:17:37.154291 [info ] [MainThread]: Creating dbt configuration folder at 
[0m15:18:04.979034 [debug] [MainThread]: Starter project path: /home/daisy/Desktop/tenx/airflow_env/lib/python3.10/site-packages/dbt/include/starter_project
[0m15:18:04.985155 [info ] [MainThread]: 
Your new dbt project "traffic_dbt" was created!

For more information on how to configure the profiles.yml file,
please consult the dbt documentation here:

  https://docs.getdbt.com/docs/configure-your-profile

One more thing:

Need help? Don't hesitate to reach out to us via GitHub issues or on Slack:

  https://community.getdbt.com/

Happy modeling!

[0m15:18:04.986093 [info ] [MainThread]: Setting up your profile.
[0m15:26:39.563827 [info ] [MainThread]: Profile traffic_dbt written to /home/daisy/.dbt/profiles.yml using target's profile_template.yml and your supplied values. Run 'dbt debug' to validate the connection.
[0m15:26:39.567693 [debug] [MainThread]: Resource report: {"command_name": "init", "command_success": true, "command_wall_clock_time": 542.5167, "process_user_time": 3.677548, "process_kernel_time": 0.120375, "process_mem_max_rss": "99004", "process_in_blocks": "6480", "process_out_blocks": "80"}
[0m15:26:39.569980 [debug] [MainThread]: Command `dbt init` succeeded at 15:26:39.569645 after 542.52 seconds
[0m15:26:39.570729 [debug] [MainThread]: Sending event: {'category': 'dbt', 'action': 'invocation', 'label': 'end', 'context': [<snowplow_tracker.self_describing_json.SelfDescribingJson object at 0x7597023558d0>, <snowplow_tracker.self_describing_json.SelfDescribingJson object at 0x759702b6ab30>, <snowplow_tracker.self_describing_json.SelfDescribingJson object at 0x759700834fa0>]}
[0m15:26:39.571547 [debug] [MainThread]: Flushing usage events
[0m15:29:19.507045 [debug] [MainThread]: Sending event: {'category': 'dbt', 'action': 'invocation', 'label': 'start', 'context': [<snowplow_tracker.self_describing_json.SelfDescribingJson object at 0x7ad1775561a0>, <snowplow_tracker.self_describing_json.SelfDescribingJson object at 0x7ad175a368f0>, <snowplow_tracker.self_describing_json.SelfDescribingJson object at 0x7ad175a35b10>]}


============================== 15:29:19.511819 | 560175ed-2648-4b33-8890-3a1f69ea5548 ==============================
[0m15:29:19.511819 [info ] [MainThread]: Running with dbt=1.7.14
[0m15:29:19.512915 [debug] [MainThread]: running dbt with arguments {'printer_width': '80', 'indirect_selection': 'eager', 'write_json': 'True', 'log_cache_events': 'False', 'partial_parse': 'True', 'cache_selected_only': 'False', 'profiles_dir': '/home/daisy/.dbt', 'version_check': 'True', 'debug': 'False', 'log_path': 'logs', 'warn_error': 'None', 'fail_fast': 'False', 'use_colors': 'True', 'use_experimental_parser': 'False', 'no_print': 'None', 'quiet': 'False', 'warn_error_options': 'WarnErrorOptions(include=[], exclude=[])', 'invocation_command': 'dbt debug', 'static_parser': 'True', 'introspect': 'True', 'target_path': 'None', 'log_format': 'default', 'send_anonymous_usage_stats': 'True'}
[0m15:29:19.513974 [info ] [MainThread]: dbt version: 1.7.14
[0m15:29:19.514752 [info ] [MainThread]: python version: 3.10.12
[0m15:29:19.515509 [info ] [MainThread]: python path: /home/daisy/Desktop/tenx/airflow_env/bin/python
[0m15:29:19.516258 [info ] [MainThread]: os info: Linux-6.5.0-28-generic-x86_64-with-glibc2.35
[0m15:29:19.606298 [info ] [MainThread]: Using profiles dir at /home/daisy/.dbt
[0m15:29:19.607236 [info ] [MainThread]: Using profiles.yml file at /home/daisy/.dbt/profiles.yml
[0m15:29:19.608042 [info ] [MainThread]: Using dbt_project.yml file at /home/daisy/Desktop/tenx/data_warehouse_tech_stack/dbt/dbt_project.yml
[0m15:29:19.608994 [info ] [MainThread]: adapter type: postgres
[0m15:29:19.609706 [info ] [MainThread]: adapter version: 1.7.14
[0m15:29:19.610454 [info ] [MainThread]: Configuration:
[0m15:29:19.611150 [info ] [MainThread]:   profiles.yml file [[32mOK found and valid[0m]
[0m15:29:19.611906 [info ] [MainThread]:   dbt_project.yml file [[31mERROR not found[0m]
[0m15:29:19.612625 [info ] [MainThread]: Required dependencies:
[0m15:29:19.613367 [debug] [MainThread]: Executing "git --help"
[0m15:29:19.618905 [debug] [MainThread]: STDOUT: "b"usage: git [--version] [--help] [-C <path>] [-c <name>=<value>]\n           [--exec-path[=<path>]] [--html-path] [--man-path] [--info-path]\n           [-p | --paginate | -P | --no-pager] [--no-replace-objects] [--bare]\n           [--git-dir=<path>] [--work-tree=<path>] [--namespace=<name>]\n           [--super-prefix=<path>] [--config-env=<name>=<envvar>]\n           <command> [<args>]\n\nThese are common Git commands used in various situations:\n\nstart a working area (see also: git help tutorial)\n   clone     Clone a repository into a new directory\n   init      Create an empty Git repository or reinitialize an existing one\n\nwork on the current change (see also: git help everyday)\n   add       Add file contents to the index\n   mv        Move or rename a file, a directory, or a symlink\n   restore   Restore working tree files\n   rm        Remove files from the working tree and from the index\n\nexamine the history and state (see also: git help revisions)\n   bisect    Use binary search to find the commit that introduced a bug\n   diff      Show changes between commits, commit and working tree, etc\n   grep      Print lines matching a pattern\n   log       Show commit logs\n   show      Show various types of objects\n   status    Show the working tree status\n\ngrow, mark and tweak your common history\n   branch    List, create, or delete branches\n   commit    Record changes to the repository\n   merge     Join two or more development histories together\n   rebase    Reapply commits on top of another base tip\n   reset     Reset current HEAD to the specified state\n   switch    Switch branches\n   tag       Create, list, delete or verify a tag object signed with GPG\n\ncollaborate (see also: git help workflows)\n   fetch     Download objects and refs from another repository\n   pull      Fetch from and integrate with another repository or a local branch\n   push      Update remote refs along with associated objects\n\n'git help -a' and 'git help -g' list available subcommands and some\nconcept guides. See 'git help <command>' or 'git help <concept>'\nto read about a specific subcommand or concept.\nSee 'git help git' for an overview of the system.\n""
[0m15:29:19.620050 [debug] [MainThread]: STDERR: "b''"
[0m15:29:19.620739 [info ] [MainThread]:  - git [[32mOK found[0m]

[0m15:29:19.621505 [info ] [MainThread]: Connection:
[0m15:29:19.622300 [info ] [MainThread]:   host: localhost
[0m15:29:19.623120 [info ] [MainThread]:   port: 5432
[0m15:29:19.623854 [info ] [MainThread]:   user: daisy
[0m15:29:19.624600 [info ] [MainThread]:   database: traffic
[0m15:29:19.625323 [info ] [MainThread]:   schema: dbt_transformations
[0m15:29:19.626097 [info ] [MainThread]:   connect_timeout: 10
[0m15:29:19.626863 [info ] [MainThread]:   role: None
[0m15:29:19.627688 [info ] [MainThread]:   search_path: None
[0m15:29:19.628409 [info ] [MainThread]:   keepalives_idle: 0
[0m15:29:19.629131 [info ] [MainThread]:   sslmode: None
[0m15:29:19.630033 [info ] [MainThread]:   sslcert: None
[0m15:29:19.631614 [info ] [MainThread]:   sslkey: None
[0m15:29:19.633572 [info ] [MainThread]:   sslrootcert: None
[0m15:29:19.634807 [info ] [MainThread]:   application_name: dbt
[0m15:29:19.636210 [info ] [MainThread]:   retries: 1
[0m15:29:19.637466 [info ] [MainThread]: Registered adapter: postgres=1.7.14
[0m15:29:19.638837 [debug] [MainThread]: Acquiring new postgres connection 'debug'
[0m15:29:19.639633 [debug] [MainThread]: Using postgres connection "debug"
[0m15:29:19.640356 [debug] [MainThread]: On debug: select 1 as id
[0m15:29:19.641038 [debug] [MainThread]: Opening a new connection, currently in state init
[0m15:29:19.704957 [debug] [MainThread]: SQL status: SELECT 1 in 0.0 seconds
[0m15:29:19.707019 [debug] [MainThread]: On debug: Close
[0m15:29:19.708023 [info ] [MainThread]:   Connection test: [[32mOK connection ok[0m]

[0m15:29:19.708953 [info ] [MainThread]: [31m1 check failed:[0m
[0m15:29:19.709806 [info ] [MainThread]: Project loading failed for the following reason:
 project path </home/daisy/Desktop/tenx/data_warehouse_tech_stack/dbt/dbt_project.yml> not found

[0m15:29:19.711471 [debug] [MainThread]: Resource report: {"command_name": "debug", "command_wall_clock_time": 0.27978486, "process_user_time": 3.507814, "process_kernel_time": 0.119714, "process_mem_max_rss": "102680", "process_in_blocks": "8", "process_out_blocks": "32", "command_success": false}
[0m15:29:19.712838 [debug] [MainThread]: Command `dbt debug` failed at 15:29:19.712530 after 0.28 seconds
[0m15:29:19.713661 [debug] [MainThread]: Connection 'debug' was properly closed.
[0m15:29:19.714563 [debug] [MainThread]: Sending event: {'category': 'dbt', 'action': 'invocation', 'label': 'end', 'context': [<snowplow_tracker.self_describing_json.SelfDescribingJson object at 0x7ad1775561a0>, <snowplow_tracker.self_describing_json.SelfDescribingJson object at 0x7ad17595e860>, <snowplow_tracker.self_describing_json.SelfDescribingJson object at 0x7ad17595d1b0>]}
[0m15:29:19.715648 [debug] [MainThread]: Flushing usage events
